<?xml version="1.0" encoding="UTF-8"?>
<!-- Generated by org.testng.reporters.JUnitXMLReporter -->
<testsuite ignored="0" hostname="Nirup-PC" failures="0" tests="3" name="TechFiosCRM App Test Cases" time="63.244" errors="0" timestamp="05 Jun 2019 17:07:30 GMT">
  <testcase classname="test.LoginTest" name="logintest" time="14.679"/>
  <testcase classname="test.AddDepositTest" name="AddDepositToVerifyDepositPosted" time="25.061"/>
  <testcase classname="test.AddExpenseTest" name="AddExpenseToVerifyExpensePosted" time="23.382"/>
</testsuite> <!-- TechFiosCRM App Test Cases -->
