<?xml version="1.0" encoding="UTF-8"?>
<testng-results ignored="0" total="1" passed="1" failed="0" skipped="0">
  <reporter-output>
  </reporter-output>
  <suite started-at="2019-06-06T17:13:01Z" name="Default suite" finished-at="2019-06-06T17:13:26Z" duration-ms="25322">
    <groups>
    </groups>
    <test started-at="2019-06-06T17:13:01Z" name="Default test" finished-at="2019-06-06T17:13:26Z" duration-ms="25322">
      <class name="test.AddDepositTest">
        <test-method signature="AddDepositToVerifyDepositPosted()[pri:0, instance:test.AddDepositTest@2b6856dd]" started-at="2019-06-06T17:13:01Z" name="AddDepositToVerifyDepositPosted" finished-at="2019-06-06T17:13:26Z" duration-ms="25276" status="PASS">
          <reporter-output>
          </reporter-output>
        </test-method> <!-- AddDepositToVerifyDepositPosted -->
      </class> <!-- test.AddDepositTest -->
    </test> <!-- Default test -->
  </suite> <!-- Default suite -->
</testng-results>
